# JRE version: OpenJDK Runtime Environment (11.0.12+7) (build 11.0.12+7-b1504.28-7817840)
# Java VM: OpenJDK 64-Bit Server VM (11.0.12+7-b1504.28-7817840, mixed mode, tiered, compressed oops, g1 gc, windows-amd64)
Heap:
 garbage-first heap   total 131072K, used 101653K [0x0000000080000000, 0x0000000100000000)
  region size 1024K, 18 young (18432K), 3 survivors (3072K)
 Metaspace       used 92910K, capacity 94946K, committed 95100K, reserved 1132544K
  class space    used 11981K, capacity 12743K, committed 12800K, reserved 1048576K
GC Heap History (20 events):
Event: 273.238 GC heap before
{Heap before GC invocations=25 (full 0):
 garbage-first heap   total 131072K, used 106920K [0x0000000080000000, 0x0000000100000000)
  region size 1024K, 42 young (43008K), 5 survivors (5120K)
 Metaspace       used 82133K, capacity 83912K, committed 83964K, reserved 1122304K
  class space    used 10673K, capacity 11345K, committed 11392K, reserved 1048576K
}
Event: 273.248 GC heap after
{Heap after GC invocations=26 (full 0):
 garbage-first heap   total 131072K, used 72435K [0x0000000080000000, 0x0000000100000000)
  region size 1024K, 6 young (6144K), 6 survivors (6144K)
 Metaspace       used 82133K, capacity 83912K, committed 83964K, reserved 1122304K
  class space    used 10673K, capacity 11345K, committed 11392K, reserved 1048576K
}
Event: 292.476 GC heap before
{Heap before GC invocations=26 (full 0):
 garbage-first heap   total 131072K, used 106227K [0x0000000080000000, 0x0000000100000000)
  region size 1024K, 40 young (40960K), 6 survivors (6144K)
 Metaspace       used 84406K, capacity 86297K, committed 86524K, reserved 1124352K
  class space    used 11037K, capacity 11781K, committed 11904K, reserved 1048576K
}
Event: 292.490 GC heap after
{Heap after GC invocations=27 (full 0):
 garbage-first heap   total 131072K, used 74904K [0x0000000080000000, 0x0000000100000000)
  region size 1024K, 3 young (3072K), 3 survivors (3072K)
 Metaspace       used 84406K, capacity 86297K, committed 86524K, reserved 1124352K
  class space    used 11037K, capacity 11781K, committed 11904K, reserved 1048576K
}
Event: 319.651 GC heap before
{Heap before GC invocations=28 (full 0):
 garbage-first heap   total 131072K, used 107672K [0x0000000080000000, 0x0000000100000000)
  region size 1024K, 36 young (36864K), 3 survivors (3072K)
 Metaspace       used 84664K, capacity 86531K, committed 86780K, reserved 1124352K
  class space    used 11045K, capacity 11790K, committed 11904K, reserved 1048576K
}
Event: 319.660 GC heap after
{Heap after GC invocations=29 (full 0):
 garbage-first heap   total 131072K, used 76801K [0x0000000080000000, 0x0000000100000000)
  region size 1024K, 5 young (5120K), 5 survivors (5120K)
 Metaspace       used 84664K, capacity 86531K, committed 86780K, reserved 1124352K
  class space    used 11045K, capacity 11790K, committed 11904K, reserved 1048576K
}
Event: 331.901 GC heap before
{Heap before GC invocations=29 (full 0):
 garbage-first heap   total 131072K, used 108545K [0x0000000080000000, 0x0000000100000000)
  region size 1024K, 37 young (37888K), 5 survivors (5120K)
 Metaspace       used 85163K, capacity 87142K, committed 87292K, reserved 1124352K
  class space    used 11085K, capacity 11843K, committed 11904K, reserved 1048576K
}
Event: 331.912 GC heap after
{Heap after GC invocations=30 (full 0):
 garbage-first heap   total 131072K, used 79518K [0x0000000080000000, 0x0000000100000000)
  region size 1024K, 5 young (5120K), 5 survivors (5120K)
 Metaspace       used 85163K, capacity 87142K, committed 87292K, reserved 1124352K
  class space    used 11085K, capacity 11843K, committed 11904K, reserved 1048576K
}
Event: 342.991 GC heap before
{Heap before GC invocations=31 (full 0):
 garbage-first heap   total 131072K, used 109214K [0x0000000080000000, 0x0000000100000000)
  region size 1024K, 35 young (35840K), 5 survivors (5120K)
 Metaspace       used 86490K, capacity 88528K, committed 88828K, reserved 1126400K
  class space    used 11264K, capacity 12040K, committed 12160K, reserved 1048576K
}
Event: 342.998 GC heap after
{Heap after GC invocations=32 (full 0):
 garbage-first heap   total 131072K, used 81454K [0x0000000080000000, 0x0000000100000000)
  region size 1024K, 2 young (2048K), 2 survivors (2048K)
 Metaspace       used 86490K, capacity 88528K, committed 88828K, reserved 1126400K
  class space    used 11264K, capacity 12040K, committed 12160K, reserved 1048576K
}
Event: 353.469 GC heap before
{Heap before GC invocations=32 (full 0):
 garbage-first heap   total 131072K, used 110126K [0x0000000080000000, 0x0000000100000000)
  region size 1024K, 30 young (30720K), 2 survivors (2048K)
 Metaspace       used 88470K, capacity 90512K, committed 90876K, reserved 1128448K
  class space    used 11524K, capacity 12296K, committed 12416K, reserved 1048576K
}
Event: 353.474 GC heap after
{Heap after GC invocations=33 (full 0):
 garbage-first heap   total 131072K, used 81649K [0x0000000080000000, 0x0000000100000000)
  region size 1024K, 3 young (3072K), 3 survivors (3072K)
 Metaspace       used 88470K, capacity 90512K, committed 90876K, reserved 1128448K
  class space    used 11524K, capacity 12296K, committed 12416K, reserved 1048576K
}
Event: 360.174 GC heap before
{Heap before GC invocations=34 (full 0):
 garbage-first heap   total 131072K, used 110321K [0x0000000080000000, 0x0000000100000000)
  region size 1024K, 31 young (31744K), 3 survivors (3072K)
 Metaspace       used 90504K, capacity 92523K, committed 92796K, reserved 1130496K
  class space    used 11748K, capacity 12518K, committed 12544K, reserved 1048576K
}
Event: 360.181 GC heap after
{Heap after GC invocations=35 (full 0):
 garbage-first heap   total 131072K, used 83196K [0x0000000080000000, 0x0000000100000000)
  region size 1024K, 4 young (4096K), 4 survivors (4096K)
 Metaspace       used 90504K, capacity 92523K, committed 92796K, reserved 1130496K
  class space    used 11748K, capacity 12518K, committed 12544K, reserved 1048576K
}
Event: 364.530 GC heap before
{Heap before GC invocations=35 (full 0):
 garbage-first heap   total 131072K, used 111868K [0x0000000080000000, 0x0000000100000000)
  region size 1024K, 32 young (32768K), 4 survivors (4096K)
 Metaspace       used 91698K, capacity 93749K, committed 93948K, reserved 1130496K
  class space    used 11866K, capacity 12637K, committed 12672K, reserved 1048576K
}
Event: 364.538 GC heap after
{Heap after GC invocations=36 (full 0):
 garbage-first heap   total 131072K, used 85594K [0x0000000080000000, 0x0000000100000000)
  region size 1024K, 4 young (4096K), 4 survivors (4096K)
 Metaspace       used 91698K, capacity 93749K, committed 93948K, reserved 1130496K
  class space    used 11866K, capacity 12637K, committed 12672K, reserved 1048576K
}
Event: 365.615 GC heap before
{Heap before GC invocations=37 (full 0):
 garbage-first heap   total 131072K, used 110170K [0x0000000080000000, 0x0000000100000000)
  region size 1024K, 29 young (29696K), 4 survivors (4096K)
 Metaspace       used 91781K, capacity 93824K, committed 93948K, reserved 1130496K
  class space    used 11869K, capacity 12638K, committed 12672K, reserved 1048576K
}
Event: 365.624 GC heap after
{Heap after GC invocations=38 (full 0):
 garbage-first heap   total 131072K, used 87541K [0x0000000080000000, 0x0000000100000000)
  region size 1024K, 2 young (2048K), 2 survivors (2048K)
 Metaspace       used 91781K, capacity 93824K, committed 93948K, reserved 1130496K
  class space    used 11869K, capacity 12638K, committed 12672K, reserved 1048576K
}
Event: 463.937 GC heap before
{Heap before GC invocations=38 (full 0):
 garbage-first heap   total 131072K, used 111093K [0x0000000080000000, 0x0000000100000000)
  region size 1024K, 26 young (26624K), 2 survivors (2048K)
 Metaspace       used 92643K, capacity 94643K, committed 94844K, reserved 1132544K
  class space    used 11978K, capacity 12738K, committed 12800K, reserved 1048576K
}
Event: 463.943 GC heap after
{Heap after GC invocations=39 (full 0):
 garbage-first heap   total 131072K, used 88341K [0x0000000080000000, 0x0000000100000000)
  region size 1024K, 3 young (3072K), 3 survivors (3072K)
 Metaspace       used 92643K, capacity 94643K, committed 94844K, reserved 1132544K
  class space    used 11978K, capacity 12738K, committed 12800K, reserved 1048576K
}

